[0.056s] DEBUG:colcon:Command line arguments: ['/usr/bin/colcon', 'build', '--packages-select', 'ros2_dds_experiment', '--merge-install']
[0.056s] DEBUG:colcon:Parsed command line arguments: Namespace(log_base=None, log_level=None, verb_name='build', build_base='build', install_base='install', merge_install=True, symlink_install=False, test_result_base=None, continue_on_error=False, executor='parallel', parallel_workers=2, event_handlers=None, ignore_user_meta=False, metas=['./colcon.meta'], base_paths=['.'], packages_ignore=None, packages_ignore_regex=None, paths=None, packages_up_to=None, packages_up_to_regex=None, packages_above=None, packages_above_and_dependencies=None, packages_above_depth=None, packages_select_by_dep=None, packages_skip_by_dep=None, packages_skip_up_to=None, packages_select_build_failed=False, packages_skip_build_finished=False, packages_select_test_failures=False, packages_skip_test_passed=False, packages_select=['ros2_dds_experiment'], packages_skip=None, packages_select_regex=None, packages_skip_regex=None, packages_start=None, packages_end=None, allow_overriding=[], cmake_args=None, cmake_target=None, cmake_target_skip_unavailable=False, cmake_clean_cache=False, cmake_clean_first=False, cmake_force_configure=False, ament_cmake_args=None, catkin_cmake_args=None, catkin_skip_building_tests=False, verb_parser=<colcon_defaults.argument_parser.defaults.DefaultArgumentsDecorator object at 0xffff9e4fba00>, verb_extension=<colcon_core.verb.build.BuildVerb object at 0xffff9e74cfa0>, main=<bound method BuildVerb.main of <colcon_core.verb.build.BuildVerb object at 0xffff9e74cfa0>>)
[0.126s] Level 1:colcon.colcon_core.package_discovery:discover_packages(colcon_meta) check parameters
[0.126s] Level 1:colcon.colcon_core.package_discovery:discover_packages(recursive) check parameters
[0.126s] Level 1:colcon.colcon_core.package_discovery:discover_packages(ignore) check parameters
[0.127s] Level 1:colcon.colcon_core.package_discovery:discover_packages(path) check parameters
[0.127s] Level 1:colcon.colcon_core.package_discovery:discover_packages(colcon_meta) discover
[0.127s] Level 1:colcon.colcon_core.package_discovery:discover_packages(recursive) discover
[0.127s] INFO:colcon.colcon_core.package_discovery:Crawling recursively for packages in '/media/psf/Home/대학/LAB/ROS2&MQTT/performanceComparison'
[0.127s] Level 1:colcon.colcon_core.package_identification:_identify(.) by extensions ['ignore', 'ignore_ament_install']
[0.127s] Level 1:colcon.colcon_core.package_identification:_identify(.) by extension 'ignore'
[0.128s] Level 1:colcon.colcon_core.package_identification:_identify(.) by extension 'ignore_ament_install'
[0.128s] Level 1:colcon.colcon_core.package_identification:_identify(.) by extensions ['colcon_pkg']
[0.128s] Level 1:colcon.colcon_core.package_identification:_identify(.) by extension 'colcon_pkg'
[0.128s] Level 1:colcon.colcon_core.package_identification:_identify(.) by extensions ['colcon_meta']
[0.128s] Level 1:colcon.colcon_core.package_identification:_identify(.) by extension 'colcon_meta'
[0.128s] Level 1:colcon.colcon_core.package_identification:_identify(.) by extensions ['ros']
[0.128s] Level 1:colcon.colcon_core.package_identification:_identify(.) by extension 'ros'
[0.134s] Level 1:colcon.colcon_core.package_identification:_identify(.) by extensions ['cmake', 'python']
[0.134s] Level 1:colcon.colcon_core.package_identification:_identify(.) by extension 'cmake'
[0.134s] Level 1:colcon.colcon_core.package_identification:_identify(.) by extension 'python'
[0.135s] Level 1:colcon.colcon_core.package_identification:_identify(.) by extensions ['python_setup_py']
[0.135s] Level 1:colcon.colcon_core.package_identification:_identify(.) by extension 'python_setup_py'
[0.136s] Level 1:colcon.colcon_core.package_identification:_identify(build) by extensions ['ignore', 'ignore_ament_install']
[0.136s] Level 1:colcon.colcon_core.package_identification:_identify(build) by extension 'ignore'
[0.136s] Level 1:colcon.colcon_core.package_identification:_identify(build) ignored
[0.137s] Level 1:colcon.colcon_core.package_identification:_identify(install) by extensions ['ignore', 'ignore_ament_install']
[0.137s] Level 1:colcon.colcon_core.package_identification:_identify(install) by extension 'ignore'
[0.137s] Level 1:colcon.colcon_core.package_identification:_identify(install) ignored
[0.138s] Level 1:colcon.colcon_core.package_identification:_identify(log) by extensions ['ignore', 'ignore_ament_install']
[0.138s] Level 1:colcon.colcon_core.package_identification:_identify(log) by extension 'ignore'
[0.138s] Level 1:colcon.colcon_core.package_identification:_identify(log) ignored
[0.138s] Level 1:colcon.colcon_core.package_identification:_identify(mqtt) by extensions ['ignore', 'ignore_ament_install']
[0.139s] Level 1:colcon.colcon_core.package_identification:_identify(mqtt) by extension 'ignore'
[0.139s] Level 1:colcon.colcon_core.package_identification:_identify(mqtt) by extension 'ignore_ament_install'
[0.139s] Level 1:colcon.colcon_core.package_identification:_identify(mqtt) by extensions ['colcon_pkg']
[0.139s] Level 1:colcon.colcon_core.package_identification:_identify(mqtt) by extension 'colcon_pkg'
[0.139s] Level 1:colcon.colcon_core.package_identification:_identify(mqtt) by extensions ['colcon_meta']
[0.139s] Level 1:colcon.colcon_core.package_identification:_identify(mqtt) by extension 'colcon_meta'
[0.139s] Level 1:colcon.colcon_core.package_identification:_identify(mqtt) by extensions ['ros']
[0.140s] Level 1:colcon.colcon_core.package_identification:_identify(mqtt) by extension 'ros'
[0.140s] Level 1:colcon.colcon_core.package_identification:_identify(mqtt) by extensions ['cmake', 'python']
[0.140s] Level 1:colcon.colcon_core.package_identification:_identify(mqtt) by extension 'cmake'
[0.140s] Level 1:colcon.colcon_core.package_identification:_identify(mqtt) by extension 'python'
[0.141s] Level 1:colcon.colcon_core.package_identification:_identify(mqtt) by extensions ['python_setup_py']
[0.141s] Level 1:colcon.colcon_core.package_identification:_identify(mqtt) by extension 'python_setup_py'
[0.141s] Level 1:colcon.colcon_core.package_identification:_identify(mqtt/config) by extensions ['ignore', 'ignore_ament_install']
[0.141s] Level 1:colcon.colcon_core.package_identification:_identify(mqtt/config) by extension 'ignore'
[0.142s] Level 1:colcon.colcon_core.package_identification:_identify(mqtt/config) by extension 'ignore_ament_install'
[0.142s] Level 1:colcon.colcon_core.package_identification:_identify(mqtt/config) by extensions ['colcon_pkg']
[0.142s] Level 1:colcon.colcon_core.package_identification:_identify(mqtt/config) by extension 'colcon_pkg'
[0.142s] Level 1:colcon.colcon_core.package_identification:_identify(mqtt/config) by extensions ['colcon_meta']
[0.142s] Level 1:colcon.colcon_core.package_identification:_identify(mqtt/config) by extension 'colcon_meta'
[0.142s] Level 1:colcon.colcon_core.package_identification:_identify(mqtt/config) by extensions ['ros']
[0.142s] Level 1:colcon.colcon_core.package_identification:_identify(mqtt/config) by extension 'ros'
[0.143s] Level 1:colcon.colcon_core.package_identification:_identify(mqtt/config) by extensions ['cmake', 'python']
[0.143s] Level 1:colcon.colcon_core.package_identification:_identify(mqtt/config) by extension 'cmake'
[0.143s] Level 1:colcon.colcon_core.package_identification:_identify(mqtt/config) by extension 'python'
[0.143s] Level 1:colcon.colcon_core.package_identification:_identify(mqtt/config) by extensions ['python_setup_py']
[0.143s] Level 1:colcon.colcon_core.package_identification:_identify(mqtt/config) by extension 'python_setup_py'
[0.144s] Level 1:colcon.colcon_core.package_identification:_identify(mqtt/data) by extensions ['ignore', 'ignore_ament_install']
[0.144s] Level 1:colcon.colcon_core.package_identification:_identify(mqtt/data) by extension 'ignore'
[0.144s] Level 1:colcon.colcon_core.package_identification:_identify(mqtt/data) by extension 'ignore_ament_install'
[0.145s] Level 1:colcon.colcon_core.package_identification:_identify(mqtt/data) by extensions ['colcon_pkg']
[0.145s] Level 1:colcon.colcon_core.package_identification:_identify(mqtt/data) by extension 'colcon_pkg'
[0.145s] Level 1:colcon.colcon_core.package_identification:_identify(mqtt/data) by extensions ['colcon_meta']
[0.145s] Level 1:colcon.colcon_core.package_identification:_identify(mqtt/data) by extension 'colcon_meta'
[0.145s] Level 1:colcon.colcon_core.package_identification:_identify(mqtt/data) by extensions ['ros']
[0.145s] Level 1:colcon.colcon_core.package_identification:_identify(mqtt/data) by extension 'ros'
[0.146s] Level 1:colcon.colcon_core.package_identification:_identify(mqtt/data) by extensions ['cmake', 'python']
[0.146s] Level 1:colcon.colcon_core.package_identification:_identify(mqtt/data) by extension 'cmake'
[0.146s] Level 1:colcon.colcon_core.package_identification:_identify(mqtt/data) by extension 'python'
[0.146s] Level 1:colcon.colcon_core.package_identification:_identify(mqtt/data) by extensions ['python_setup_py']
[0.146s] Level 1:colcon.colcon_core.package_identification:_identify(mqtt/data) by extension 'python_setup_py'
[0.147s] Level 1:colcon.colcon_core.package_identification:_identify(mqtt/log) by extensions ['ignore', 'ignore_ament_install']
[0.147s] Level 1:colcon.colcon_core.package_identification:_identify(mqtt/log) by extension 'ignore'
[0.147s] Level 1:colcon.colcon_core.package_identification:_identify(mqtt/log) by extension 'ignore_ament_install'
[0.148s] Level 1:colcon.colcon_core.package_identification:_identify(mqtt/log) by extensions ['colcon_pkg']
[0.148s] Level 1:colcon.colcon_core.package_identification:_identify(mqtt/log) by extension 'colcon_pkg'
[0.148s] Level 1:colcon.colcon_core.package_identification:_identify(mqtt/log) by extensions ['colcon_meta']
[0.148s] Level 1:colcon.colcon_core.package_identification:_identify(mqtt/log) by extension 'colcon_meta'
[0.148s] Level 1:colcon.colcon_core.package_identification:_identify(mqtt/log) by extensions ['ros']
[0.148s] Level 1:colcon.colcon_core.package_identification:_identify(mqtt/log) by extension 'ros'
[0.148s] Level 1:colcon.colcon_core.package_identification:_identify(mqtt/log) by extensions ['cmake', 'python']
[0.149s] Level 1:colcon.colcon_core.package_identification:_identify(mqtt/log) by extension 'cmake'
[0.149s] Level 1:colcon.colcon_core.package_identification:_identify(mqtt/log) by extension 'python'
[0.149s] Level 1:colcon.colcon_core.package_identification:_identify(mqtt/log) by extensions ['python_setup_py']
[0.149s] Level 1:colcon.colcon_core.package_identification:_identify(mqtt/log) by extension 'python_setup_py'
[0.150s] Level 1:colcon.colcon_core.package_identification:_identify(src) by extensions ['ignore', 'ignore_ament_install']
[0.150s] Level 1:colcon.colcon_core.package_identification:_identify(src) by extension 'ignore'
[0.150s] Level 1:colcon.colcon_core.package_identification:_identify(src) by extension 'ignore_ament_install'
[0.150s] Level 1:colcon.colcon_core.package_identification:_identify(src) by extensions ['colcon_pkg']
[0.150s] Level 1:colcon.colcon_core.package_identification:_identify(src) by extension 'colcon_pkg'
[0.150s] Level 1:colcon.colcon_core.package_identification:_identify(src) by extensions ['colcon_meta']
[0.151s] Level 1:colcon.colcon_core.package_identification:_identify(src) by extension 'colcon_meta'
[0.151s] Level 1:colcon.colcon_core.package_identification:_identify(src) by extensions ['ros']
[0.151s] Level 1:colcon.colcon_core.package_identification:_identify(src) by extension 'ros'
[0.151s] Level 1:colcon.colcon_core.package_identification:_identify(src) by extensions ['cmake', 'python']
[0.151s] Level 1:colcon.colcon_core.package_identification:_identify(src) by extension 'cmake'
[0.152s] Level 1:colcon.colcon_core.package_identification:_identify(src) by extension 'python'
[0.152s] Level 1:colcon.colcon_core.package_identification:_identify(src) by extensions ['python_setup_py']
[0.152s] Level 1:colcon.colcon_core.package_identification:_identify(src) by extension 'python_setup_py'
[0.152s] Level 1:colcon.colcon_core.package_identification:_identify(src/ros2_dds_experiment) by extensions ['ignore', 'ignore_ament_install']
[0.153s] Level 1:colcon.colcon_core.package_identification:_identify(src/ros2_dds_experiment) by extension 'ignore'
[0.153s] Level 1:colcon.colcon_core.package_identification:_identify(src/ros2_dds_experiment) by extension 'ignore_ament_install'
[0.153s] Level 1:colcon.colcon_core.package_identification:_identify(src/ros2_dds_experiment) by extensions ['colcon_pkg']
[0.153s] Level 1:colcon.colcon_core.package_identification:_identify(src/ros2_dds_experiment) by extension 'colcon_pkg'
[0.153s] Level 1:colcon.colcon_core.package_identification:_identify(src/ros2_dds_experiment) by extensions ['colcon_meta']
[0.153s] Level 1:colcon.colcon_core.package_identification:_identify(src/ros2_dds_experiment) by extension 'colcon_meta'
[0.154s] Level 1:colcon.colcon_core.package_identification:_identify(src/ros2_dds_experiment) by extensions ['ros']
[0.154s] Level 1:colcon.colcon_core.package_identification:_identify(src/ros2_dds_experiment) by extension 'ros'
[0.156s] DEBUG:colcon.colcon_core.package_identification:Package 'src/ros2_dds_experiment' with type 'ros.ament_cmake' and name 'ros2_dds_experiment'
[0.156s] Level 1:colcon.colcon_core.package_identification:_identify(zenoh) by extensions ['ignore', 'ignore_ament_install']
[0.156s] Level 1:colcon.colcon_core.package_identification:_identify(zenoh) by extension 'ignore'
[0.156s] Level 1:colcon.colcon_core.package_identification:_identify(zenoh) by extension 'ignore_ament_install'
[0.157s] Level 1:colcon.colcon_core.package_identification:_identify(zenoh) by extensions ['colcon_pkg']
[0.157s] Level 1:colcon.colcon_core.package_identification:_identify(zenoh) by extension 'colcon_pkg'
[0.157s] Level 1:colcon.colcon_core.package_identification:_identify(zenoh) by extensions ['colcon_meta']
[0.157s] Level 1:colcon.colcon_core.package_identification:_identify(zenoh) by extension 'colcon_meta'
[0.157s] Level 1:colcon.colcon_core.package_identification:_identify(zenoh) by extensions ['ros']
[0.157s] Level 1:colcon.colcon_core.package_identification:_identify(zenoh) by extension 'ros'
[0.158s] Level 1:colcon.colcon_core.package_identification:_identify(zenoh) by extensions ['cmake', 'python']
[0.158s] Level 1:colcon.colcon_core.package_identification:_identify(zenoh) by extension 'cmake'
[0.158s] Level 1:colcon.colcon_core.package_identification:_identify(zenoh) by extension 'python'
[0.158s] Level 1:colcon.colcon_core.package_identification:_identify(zenoh) by extensions ['python_setup_py']
[0.158s] Level 1:colcon.colcon_core.package_identification:_identify(zenoh) by extension 'python_setup_py'
[0.158s] Level 1:colcon.colcon_core.package_discovery:discover_packages(recursive) using defaults
[0.158s] Level 1:colcon.colcon_core.package_discovery:discover_packages(ignore) discover
[0.159s] Level 1:colcon.colcon_core.package_discovery:discover_packages(ignore) using defaults
[0.159s] Level 1:colcon.colcon_core.package_discovery:discover_packages(path) discover
[0.159s] Level 1:colcon.colcon_core.package_discovery:discover_packages(path) using defaults
[0.168s] Level 1:colcon.colcon_core.package_discovery:discover_packages(prefix_path) check parameters
[0.168s] Level 1:colcon.colcon_core.package_discovery:discover_packages(prefix_path) discover
[0.169s] WARNING:colcon.colcon_ros.prefix_path.ament:The path '/media/psf/Home/대학/LAB/ROS2&MQTT/performanceComparison/install' in the environment variable AMENT_PREFIX_PATH doesn't contain any 'local_setup.*' files.
[0.169s] WARNING:colcon.colcon_ros.prefix_path.ament:The path '/media/psf/Home/대학/LAB/ROS2&MQTT/performanceComparison/install/ros2_dds_experiment' in the environment variable AMENT_PREFIX_PATH doesn't exist
[0.170s] WARNING:colcon.colcon_ros.prefix_path.catkin:The path '/media/psf/Home/대학/LAB/ROS2&MQTT/performanceComparison/install/ros2_dds_experiment' in the environment variable CMAKE_PREFIX_PATH doesn't exist
[0.171s] DEBUG:colcon.colcon_installed_package_information.package_discovery:Found 0 installed packages in /media/psf/Home/대학/LAB/ROS2&MQTT/performanceComparison/install
[0.172s] DEBUG:colcon.colcon_installed_package_information.package_discovery:Found 272 installed packages in /opt/ros/humble
[0.178s] Level 1:colcon.colcon_core.package_discovery:discover_packages(prefix_path) using defaults
[0.197s] Level 5:colcon.colcon_core.verb:set package 'ros2_dds_experiment' build argument 'cmake_args' from command line to 'None'
[0.197s] Level 5:colcon.colcon_core.verb:set package 'ros2_dds_experiment' build argument 'cmake_target' from command line to 'None'
[0.197s] Level 5:colcon.colcon_core.verb:set package 'ros2_dds_experiment' build argument 'cmake_target_skip_unavailable' from command line to 'False'
[0.197s] Level 5:colcon.colcon_core.verb:set package 'ros2_dds_experiment' build argument 'cmake_clean_cache' from command line to 'False'
[0.197s] Level 5:colcon.colcon_core.verb:set package 'ros2_dds_experiment' build argument 'cmake_clean_first' from command line to 'False'
[0.197s] Level 5:colcon.colcon_core.verb:set package 'ros2_dds_experiment' build argument 'cmake_force_configure' from command line to 'False'
[0.197s] Level 5:colcon.colcon_core.verb:set package 'ros2_dds_experiment' build argument 'ament_cmake_args' from command line to 'None'
[0.197s] Level 5:colcon.colcon_core.verb:set package 'ros2_dds_experiment' build argument 'catkin_cmake_args' from command line to 'None'
[0.198s] Level 5:colcon.colcon_core.verb:set package 'ros2_dds_experiment' build argument 'catkin_skip_building_tests' from command line to 'False'
[0.198s] DEBUG:colcon.colcon_core.verb:Building package 'ros2_dds_experiment' with the following arguments: {'ament_cmake_args': None, 'build_base': '/media/psf/Home/대학/LAB/ROS2&MQTT/performanceComparison/build/ros2_dds_experiment', 'catkin_cmake_args': None, 'catkin_skip_building_tests': False, 'cmake_args': None, 'cmake_clean_cache': False, 'cmake_clean_first': False, 'cmake_force_configure': False, 'cmake_target': None, 'cmake_target_skip_unavailable': False, 'install_base': '/media/psf/Home/대학/LAB/ROS2&MQTT/performanceComparison/install', 'merge_install': True, 'path': '/media/psf/Home/대학/LAB/ROS2&MQTT/performanceComparison/src/ros2_dds_experiment', 'symlink_install': False, 'test_result_base': None}
[0.198s] INFO:colcon.colcon_core.executor:Executing jobs using 'parallel' executor
[0.199s] DEBUG:colcon.colcon_parallel_executor.executor.parallel:run_until_complete
[0.199s] INFO:colcon.colcon_ros.task.ament_cmake.build:Building ROS package in '/media/psf/Home/대학/LAB/ROS2&MQTT/performanceComparison/src/ros2_dds_experiment' with build type 'ament_cmake'
[0.199s] INFO:colcon.colcon_cmake.task.cmake.build:Building CMake package in '/media/psf/Home/대학/LAB/ROS2&MQTT/performanceComparison/src/ros2_dds_experiment'
[0.200s] INFO:colcon.colcon_core.plugin_system:Skipping extension 'colcon_core.shell.bat': Not used on non-Windows systems
[0.200s] INFO:colcon.colcon_core.shell:Skip shell extension 'powershell' for command environment: Not usable outside of PowerShell
[0.201s] DEBUG:colcon.colcon_core.shell:Skip shell extension 'dsv' for command environment
[0.217s] DEBUG:colcon.colcon_core.event_handler.log_command:Invoking command in '/media/psf/Home/대학/LAB/ROS2&MQTT/performanceComparison/build/ros2_dds_experiment': CMAKE_PREFIX_PATH=${CMAKE_PREFIX_PATH}:/opt/ros/humble /usr/bin/cmake /media/psf/Home/대학/LAB/ROS2&MQTT/performanceComparison/src/ros2_dds_experiment -DCMAKE_INSTALL_PREFIX=/media/psf/Home/대학/LAB/ROS2&MQTT/performanceComparison/install
[1.133s] DEBUG:colcon.colcon_core.event_handler.log_command:Invoked command in '/media/psf/Home/대학/LAB/ROS2&MQTT/performanceComparison/build/ros2_dds_experiment' returned '0': CMAKE_PREFIX_PATH=${CMAKE_PREFIX_PATH}:/opt/ros/humble /usr/bin/cmake /media/psf/Home/대학/LAB/ROS2&MQTT/performanceComparison/src/ros2_dds_experiment -DCMAKE_INSTALL_PREFIX=/media/psf/Home/대학/LAB/ROS2&MQTT/performanceComparison/install
[1.135s] DEBUG:colcon.colcon_core.event_handler.log_command:Invoking command in '/media/psf/Home/대학/LAB/ROS2&MQTT/performanceComparison/build/ros2_dds_experiment': CMAKE_PREFIX_PATH=${CMAKE_PREFIX_PATH}:/opt/ros/humble /usr/bin/cmake --build /media/psf/Home/대학/LAB/ROS2&MQTT/performanceComparison/build/ros2_dds_experiment -- -j2 -l2
[5.184s] DEBUG:colcon.colcon_core.event_handler.log_command:Invoked command in '/media/psf/Home/대학/LAB/ROS2&MQTT/performanceComparison/build/ros2_dds_experiment' returned '0': CMAKE_PREFIX_PATH=${CMAKE_PREFIX_PATH}:/opt/ros/humble /usr/bin/cmake --build /media/psf/Home/대학/LAB/ROS2&MQTT/performanceComparison/build/ros2_dds_experiment -- -j2 -l2
[5.189s] DEBUG:colcon.colcon_core.event_handler.log_command:Invoking command in '/media/psf/Home/대학/LAB/ROS2&MQTT/performanceComparison/build/ros2_dds_experiment': CMAKE_PREFIX_PATH=${CMAKE_PREFIX_PATH}:/opt/ros/humble /usr/bin/cmake --install /media/psf/Home/대학/LAB/ROS2&MQTT/performanceComparison/build/ros2_dds_experiment
[5.314s] Level 1:colcon.colcon_core.environment:create_environment_scripts_only(ros2_dds_experiment)
[5.314s] DEBUG:colcon.colcon_core.event_handler.log_command:Invoked command in '/media/psf/Home/대학/LAB/ROS2&MQTT/performanceComparison/build/ros2_dds_experiment' returned '0': CMAKE_PREFIX_PATH=${CMAKE_PREFIX_PATH}:/opt/ros/humble /usr/bin/cmake --install /media/psf/Home/대학/LAB/ROS2&MQTT/performanceComparison/build/ros2_dds_experiment
[5.315s] Level 1:colcon.colcon_core.environment:checking '/media/psf/Home/대학/LAB/ROS2&MQTT/performanceComparison/install' for CMake module files
[5.317s] Level 1:colcon.colcon_core.environment:checking '/media/psf/Home/대학/LAB/ROS2&MQTT/performanceComparison/install' for CMake config files
[5.318s] Level 1:colcon.colcon_core.shell:create_environment_hook('ros2_dds_experiment', 'cmake_prefix_path')
[5.319s] INFO:colcon.colcon_core.shell:Creating environment hook '/media/psf/Home/대학/LAB/ROS2&MQTT/performanceComparison/install/share/ros2_dds_experiment/hook/cmake_prefix_path.ps1'
[5.320s] INFO:colcon.colcon_core.shell:Creating environment descriptor '/media/psf/Home/대학/LAB/ROS2&MQTT/performanceComparison/install/share/ros2_dds_experiment/hook/cmake_prefix_path.dsv'
[5.321s] INFO:colcon.colcon_core.shell:Creating environment hook '/media/psf/Home/대학/LAB/ROS2&MQTT/performanceComparison/install/share/ros2_dds_experiment/hook/cmake_prefix_path.sh'
[5.322s] Level 1:colcon.colcon_core.environment:checking '/media/psf/Home/대학/LAB/ROS2&MQTT/performanceComparison/install/lib'
[5.322s] Level 1:colcon.colcon_core.environment:checking '/media/psf/Home/대학/LAB/ROS2&MQTT/performanceComparison/install/bin'
[5.322s] Level 1:colcon.colcon_core.environment:checking '/media/psf/Home/대학/LAB/ROS2&MQTT/performanceComparison/install/lib/pkgconfig/ros2_dds_experiment.pc'
[5.323s] Level 1:colcon.colcon_core.environment:checking '/media/psf/Home/대학/LAB/ROS2&MQTT/performanceComparison/install/lib/python3.10/site-packages'
[5.323s] Level 1:colcon.colcon_core.environment:checking '/media/psf/Home/대학/LAB/ROS2&MQTT/performanceComparison/install/bin'
[5.323s] INFO:colcon.colcon_core.shell:Creating package script '/media/psf/Home/대학/LAB/ROS2&MQTT/performanceComparison/install/share/ros2_dds_experiment/package.ps1'
[5.324s] INFO:colcon.colcon_core.shell:Creating package descriptor '/media/psf/Home/대학/LAB/ROS2&MQTT/performanceComparison/install/share/ros2_dds_experiment/package.dsv'
[5.325s] INFO:colcon.colcon_core.shell:Creating package script '/media/psf/Home/대학/LAB/ROS2&MQTT/performanceComparison/install/share/ros2_dds_experiment/package.sh'
[5.326s] INFO:colcon.colcon_core.shell:Creating package script '/media/psf/Home/대학/LAB/ROS2&MQTT/performanceComparison/install/share/ros2_dds_experiment/package.bash'
[5.327s] INFO:colcon.colcon_core.shell:Creating package script '/media/psf/Home/대학/LAB/ROS2&MQTT/performanceComparison/install/share/ros2_dds_experiment/package.zsh'
[5.327s] Level 1:colcon.colcon_core.environment:create_file_with_runtime_dependencies(/media/psf/Home/대학/LAB/ROS2&MQTT/performanceComparison/install/share/colcon-core/packages/ros2_dds_experiment)
[5.330s] Level 1:colcon.colcon_core.environment:create_environment_scripts_only(ros2_dds_experiment)
[5.330s] Level 1:colcon.colcon_core.environment:checking '/media/psf/Home/대학/LAB/ROS2&MQTT/performanceComparison/install' for CMake module files
[5.332s] Level 1:colcon.colcon_core.environment:checking '/media/psf/Home/대학/LAB/ROS2&MQTT/performanceComparison/install' for CMake config files
[5.334s] Level 1:colcon.colcon_core.shell:create_environment_hook('ros2_dds_experiment', 'cmake_prefix_path')
[5.334s] INFO:colcon.colcon_core.shell:Creating environment hook '/media/psf/Home/대학/LAB/ROS2&MQTT/performanceComparison/install/share/ros2_dds_experiment/hook/cmake_prefix_path.ps1'
[5.335s] INFO:colcon.colcon_core.shell:Creating environment descriptor '/media/psf/Home/대학/LAB/ROS2&MQTT/performanceComparison/install/share/ros2_dds_experiment/hook/cmake_prefix_path.dsv'
[5.336s] INFO:colcon.colcon_core.shell:Creating environment hook '/media/psf/Home/대학/LAB/ROS2&MQTT/performanceComparison/install/share/ros2_dds_experiment/hook/cmake_prefix_path.sh'
[5.337s] Level 1:colcon.colcon_core.environment:checking '/media/psf/Home/대학/LAB/ROS2&MQTT/performanceComparison/install/lib'
[5.337s] Level 1:colcon.colcon_core.environment:checking '/media/psf/Home/대학/LAB/ROS2&MQTT/performanceComparison/install/bin'
[5.337s] Level 1:colcon.colcon_core.environment:checking '/media/psf/Home/대학/LAB/ROS2&MQTT/performanceComparison/install/lib/pkgconfig/ros2_dds_experiment.pc'
[5.337s] Level 1:colcon.colcon_core.environment:checking '/media/psf/Home/대학/LAB/ROS2&MQTT/performanceComparison/install/lib/python3.10/site-packages'
[5.338s] Level 1:colcon.colcon_core.environment:checking '/media/psf/Home/대학/LAB/ROS2&MQTT/performanceComparison/install/bin'
[5.338s] INFO:colcon.colcon_core.shell:Creating package script '/media/psf/Home/대학/LAB/ROS2&MQTT/performanceComparison/install/share/ros2_dds_experiment/package.ps1'
[5.339s] INFO:colcon.colcon_core.shell:Creating package descriptor '/media/psf/Home/대학/LAB/ROS2&MQTT/performanceComparison/install/share/ros2_dds_experiment/package.dsv'
[5.339s] INFO:colcon.colcon_core.shell:Creating package script '/media/psf/Home/대학/LAB/ROS2&MQTT/performanceComparison/install/share/ros2_dds_experiment/package.sh'
[5.340s] INFO:colcon.colcon_core.shell:Creating package script '/media/psf/Home/대학/LAB/ROS2&MQTT/performanceComparison/install/share/ros2_dds_experiment/package.bash'
[5.341s] INFO:colcon.colcon_core.shell:Creating package script '/media/psf/Home/대학/LAB/ROS2&MQTT/performanceComparison/install/share/ros2_dds_experiment/package.zsh'
[5.341s] Level 1:colcon.colcon_core.environment:create_file_with_runtime_dependencies(/media/psf/Home/대학/LAB/ROS2&MQTT/performanceComparison/install/share/colcon-core/packages/ros2_dds_experiment)
[5.342s] DEBUG:colcon.colcon_parallel_executor.executor.parallel:closing loop
[5.342s] DEBUG:colcon.colcon_parallel_executor.executor.parallel:loop closed
[5.342s] DEBUG:colcon.colcon_parallel_executor.executor.parallel:run_until_complete finished with '0'
[5.342s] DEBUG:colcon.colcon_core.event_reactor:joining thread
[5.345s] INFO:colcon.colcon_core.plugin_system:Skipping extension 'colcon_notification.desktop_notification.terminal_notifier': Not used on non-Darwin systems
[5.345s] INFO:colcon.colcon_core.plugin_system:Skipping extension 'colcon_notification.desktop_notification.win32': Not used on non-Windows systems
[5.345s] INFO:colcon.colcon_notification.desktop_notification:Sending desktop notification using 'notify2'
[5.353s] DEBUG:colcon.colcon_core.event_reactor:joined thread
[5.353s] INFO:colcon.colcon_core.shell:Creating prefix script '/media/psf/Home/대학/LAB/ROS2&MQTT/performanceComparison/install/local_setup.ps1'
[5.354s] INFO:colcon.colcon_core.shell:Creating prefix util module '/media/psf/Home/대학/LAB/ROS2&MQTT/performanceComparison/install/_local_setup_util_ps1.py'
[5.355s] INFO:colcon.colcon_core.shell:Creating prefix chain script '/media/psf/Home/대학/LAB/ROS2&MQTT/performanceComparison/install/setup.ps1'
[5.357s] INFO:colcon.colcon_core.shell:Creating prefix script '/media/psf/Home/대학/LAB/ROS2&MQTT/performanceComparison/install/local_setup.sh'
[5.357s] INFO:colcon.colcon_core.shell:Creating prefix util module '/media/psf/Home/대학/LAB/ROS2&MQTT/performanceComparison/install/_local_setup_util_sh.py'
[5.358s] INFO:colcon.colcon_core.shell:Creating prefix chain script '/media/psf/Home/대학/LAB/ROS2&MQTT/performanceComparison/install/setup.sh'
[5.360s] INFO:colcon.colcon_core.shell:Creating prefix script '/media/psf/Home/대학/LAB/ROS2&MQTT/performanceComparison/install/local_setup.bash'
[5.360s] INFO:colcon.colcon_core.shell:Creating prefix chain script '/media/psf/Home/대학/LAB/ROS2&MQTT/performanceComparison/install/setup.bash'
[5.362s] INFO:colcon.colcon_core.shell:Creating prefix script '/media/psf/Home/대학/LAB/ROS2&MQTT/performanceComparison/install/local_setup.zsh'
[5.362s] INFO:colcon.colcon_core.shell:Creating prefix chain script '/media/psf/Home/대학/LAB/ROS2&MQTT/performanceComparison/install/setup.zsh'
