-- The C compiler identification is GNU 11.4.0
-- The CXX compiler identification is GNU 11.4.0
-- Detecting C compiler ABI info
-- Detecting C compiler ABI info - done
-- Check for working C compiler: /usr/bin/cc - skipped
-- Detecting C compile features
-- Detecting C compile features - done
-- Detecting CXX compiler ABI info
-- Detecting CXX compiler ABI info - done
-- Check for working CXX compiler: /usr/bin/c++ - skipped
-- Detecting CXX compile features
-- Detecting CXX compile features - done
-- Found ament_cmake: 1.3.11 (/opt/ros/humble/share/ament_cmake/cmake)
-- Found Python3: /usr/bin/python3 (found version "3.10.12") found components: Interpreter 
-- Found rclcpp: 16.0.11 (/opt/ros/humble/share/rclcpp/cmake)
-- Found rosidl_generator_c: 3.1.6 (/opt/ros/humble/share/rosidl_generator_c/cmake)
-- Found rosidl_adapter: 3.1.6 (/opt/ros/humble/share/rosidl_adapter/cmake)
-- Found rosidl_generator_cpp: 3.1.6 (/opt/ros/humble/share/rosidl_generator_cpp/cmake)
-- Using all available rosidl_typesupport_c: rosidl_typesupport_fastrtps_c;rosidl_typesupport_introspection_c
-- Using all available rosidl_typesupport_cpp: rosidl_typesupport_fastrtps_cpp;rosidl_typesupport_introspection_cpp
-- Found rmw_implementation_cmake: 6.1.2 (/opt/ros/humble/share/rmw_implementation_cmake/cmake)
-- Found rmw_cyclonedds_cpp: 1.3.4 (/opt/ros/humble/share/rmw_cyclonedds_cpp/cmake)
-- Using RMW implementation 'rmw_cyclonedds_cpp' as default
-- Looking for pthread.h
-- Looking for pthread.h - found
-- Performing Test CMAKE_HAVE_LIBC_PTHREAD
-- Performing Test CMAKE_HAVE_LIBC_PTHREAD - Success
-- Found Threads: TRUE  
-- Configuring done
-- Generating done
-- Build files have been written to: /media/psf/Home/대학/LAB/ROS2&MQTT/performanceComparison/build/ros2_dds_experiment
[ 25%] [32mBuilding CXX object CMakeFiles/pub_node.dir/pub_node.cpp.o[0m
[ 50%] [32mBuilding CXX object CMakeFiles/sub_node.dir/sub_node.cpp.o[0m
[ 75%] [32m[1mLinking CXX executable pub_node[0m
[ 75%] Built target pub_node
[100%] [32m[1mLinking CXX executable sub_node[0m
[100%] Built target sub_node
-- Install configuration: ""
-- Installing: /media/psf/Home/대학/LAB/ROS2&MQTT/performanceComparison/install/lib/ros2_dds_experiment/pub_node
-- Set runtime path of "/media/psf/Home/대학/LAB/ROS2&MQTT/performanceComparison/install/lib/ros2_dds_experiment/pub_node" to ""
-- Installing: /media/psf/Home/대학/LAB/ROS2&MQTT/performanceComparison/install/lib/ros2_dds_experiment/sub_node
-- Set runtime path of "/media/psf/Home/대학/LAB/ROS2&MQTT/performanceComparison/install/lib/ros2_dds_experiment/sub_node" to ""
-- Installing: /media/psf/Home/대학/LAB/ROS2&MQTT/performanceComparison/install/share/ament_index/resource_index/package_run_dependencies/ros2_dds_experiment
-- Installing: /media/psf/Home/대학/LAB/ROS2&MQTT/performanceComparison/install/share/ament_index/resource_index/parent_prefix_path/ros2_dds_experiment
-- Installing: /media/psf/Home/대학/LAB/ROS2&MQTT/performanceComparison/install/share/ros2_dds_experiment/environment/ament_prefix_path.sh
-- Installing: /media/psf/Home/대학/LAB/ROS2&MQTT/performanceComparison/install/share/ros2_dds_experiment/environment/ament_prefix_path.dsv
-- Installing: /media/psf/Home/대학/LAB/ROS2&MQTT/performanceComparison/install/share/ros2_dds_experiment/environment/path.sh
-- Installing: /media/psf/Home/대학/LAB/ROS2&MQTT/performanceComparison/install/share/ros2_dds_experiment/environment/path.dsv
-- Installing: /media/psf/Home/대학/LAB/ROS2&MQTT/performanceComparison/install/share/ros2_dds_experiment/local_setup.bash
-- Installing: /media/psf/Home/대학/LAB/ROS2&MQTT/performanceComparison/install/share/ros2_dds_experiment/local_setup.sh
-- Installing: /media/psf/Home/대학/LAB/ROS2&MQTT/performanceComparison/install/share/ros2_dds_experiment/local_setup.zsh
-- Installing: /media/psf/Home/대학/LAB/ROS2&MQTT/performanceComparison/install/share/ros2_dds_experiment/local_setup.dsv
-- Installing: /media/psf/Home/대학/LAB/ROS2&MQTT/performanceComparison/install/share/ros2_dds_experiment/package.dsv
-- Installing: /media/psf/Home/대학/LAB/ROS2&MQTT/performanceComparison/install/share/ament_index/resource_index/packages/ros2_dds_experiment
-- Installing: /media/psf/Home/대학/LAB/ROS2&MQTT/performanceComparison/install/share/ros2_dds_experiment/cmake/ros2_dds_experimentConfig.cmake
-- Installing: /media/psf/Home/대학/LAB/ROS2&MQTT/performanceComparison/install/share/ros2_dds_experiment/cmake/ros2_dds_experimentConfig-version.cmake
-- Installing: /media/psf/Home/대학/LAB/ROS2&MQTT/performanceComparison/install/share/ros2_dds_experiment/package.xml
-- Installing: /media/psf/Home/대학/LAB/ROS2&MQTT/performanceComparison/install/share/ros2_dds_experiment//launch
-- Installing: /media/psf/Home/대학/LAB/ROS2&MQTT/performanceComparison/install/share/ros2_dds_experiment//launch/ros2_dds_launch.py
